# JRE version: OpenJDK Runtime Environment (11.0.10) (build 11.0.10+0-b96-7249189)
# Java VM: OpenJDK 64-Bit Server VM (11.0.10+0-b96-7249189, mixed mode, tiered, compressed oops, g1 gc, windows-amd64)
Heap:
 garbage-first heap   total 262144K, used 50423K [0x0000000080000000, 0x0000000100000000)
  region size 1024K, 35 young (35840K), 12 survivors (12288K)
 Metaspace       used 45839K, capacity 46954K, committed 47052K, reserved 1089536K
  class space    used 5880K, capacity 6300K, committed 6348K, reserved 1048576K
GC Heap History (10 events):
Event: 1.334 GC heap before
{Heap before GC invocations=0 (full 0):
 garbage-first heap   total 262144K, used 29696K [0x0000000080000000, 0x0000000100000000)
  region size 1024K, 24 young (24576K), 0 survivors (0K)
 Metaspace       used 9802K, capacity 9990K, committed 10112K, reserved 1058816K
  class space    used 1022K, capacity 1102K, committed 1152K, reserved 1048576K
}
Event: 1.338 GC heap after
{Heap after GC invocations=1 (full 0):
 garbage-first heap   total 262144K, used 8931K [0x0000000080000000, 0x0000000100000000)
  region size 1024K, 3 young (3072K), 3 survivors (3072K)
 Metaspace       used 9802K, capacity 9990K, committed 10112K, reserved 1058816K
  class space    used 1022K, capacity 1102K, committed 1152K, reserved 1048576K
}
Event: 5.217 GC heap before
{Heap before GC invocations=1 (full 0):
 garbage-first heap   total 262144K, used 105187K [0x0000000080000000, 0x0000000100000000)
  region size 1024K, 98 young (100352K), 3 survivors (3072K)
 Metaspace       used 20618K, capacity 21122K, committed 21248K, reserved 1067008K
  class space    used 2520K, capacity 2720K, committed 2816K, reserved 1048576K
}
Event: 5.227 GC heap after
{Heap after GC invocations=2 (full 0):
 garbage-first heap   total 262144K, used 16745K [0x0000000080000000, 0x0000000100000000)
  region size 1024K, 11 young (11264K), 11 survivors (11264K)
 Metaspace       used 20618K, capacity 21122K, committed 21248K, reserved 1067008K
  class space    used 2520K, capacity 2720K, committed 2816K, reserved 1048576K
}
Event: 5.868 GC heap before
{Heap before GC invocations=3 (full 0):
 garbage-first heap   total 262144K, used 60777K [0x0000000080000000, 0x0000000100000000)
  region size 1024K, 54 young (55296K), 11 survivors (11264K)
 Metaspace       used 25051K, capacity 25607K, committed 25728K, reserved 1071104K
  class space    used 3252K, capacity 3453K, committed 3456K, reserved 1048576K
}
Event: 5.875 GC heap after
{Heap after GC invocations=4 (full 0):
 garbage-first heap   total 262144K, used 18322K [0x0000000080000000, 0x0000000100000000)
  region size 1024K, 3 young (3072K), 3 survivors (3072K)
 Metaspace       used 25051K, capacity 25607K, committed 25728K, reserved 1071104K
  class space    used 3252K, capacity 3453K, committed 3456K, reserved 1048576K
}
Event: 7.117 GC heap before
{Heap before GC invocations=4 (full 0):
 garbage-first heap   total 262144K, used 84882K [0x0000000080000000, 0x0000000100000000)
  region size 1024K, 69 young (70656K), 3 survivors (3072K)
 Metaspace       used 35021K, capacity 35833K, committed 35840K, reserved 1081344K
  class space    used 4541K, capacity 4864K, committed 4864K, reserved 1048576K
}
Event: 7.126 GC heap after
{Heap after GC invocations=5 (full 0):
 garbage-first heap   total 262144K, used 21742K [0x0000000080000000, 0x0000000100000000)
  region size 1024K, 6 young (6144K), 6 survivors (6144K)
 Metaspace       used 35021K, capacity 35833K, committed 35840K, reserved 1081344K
  class space    used 4541K, capacity 4864K, committed 4864K, reserved 1048576K
}
Event: 9.039 GC heap before
{Heap before GC invocations=6 (full 0):
 garbage-first heap   total 262144K, used 137454K [0x0000000080000000, 0x0000000100000000)
  region size 1024K, 116 young (118784K), 6 survivors (6144K)
 Metaspace       used 44034K, capacity 45068K, committed 45260K, reserved 1089536K
  class space    used 5650K, capacity 6035K, committed 6092K, reserved 1048576K
}
Event: 9.050 GC heap after
{Heap after GC invocations=7 (full 0):
 garbage-first heap   total 262144K, used 27895K [0x0000000080000000, 0x0000000100000000)
  region size 1024K, 12 young (12288K), 12 survivors (12288K)
 Metaspace       used 44034K, capacity 45068K, committed 45260K, reserved 1089536K
  class space    used 5650K, capacity 6035K, committed 6092K, reserved 1048576K
}

