# JRE version: OpenJDK Runtime Environment (11.0.10) (build 11.0.10+0-b96-7249189)
# Java VM: OpenJDK 64-Bit Server VM (11.0.10+0-b96-7249189, mixed mode, tiered, compressed oops, g1 gc, windows-amd64)
Heap:
 garbage-first heap   total 262144K, used 183238K [0x0000000080000000, 0x0000000100000000)
  region size 1024K, 139 young (142336K), 12 survivors (12288K)
 Metaspace       used 80173K, capacity 82446K, committed 82560K, reserved 1120256K
  class space    used 10475K, capacity 11298K, committed 11392K, reserved 1048576K
GC Heap History (16 events):
Event: 1.433 GC heap before
{Heap before GC invocations=0 (full 0):
 garbage-first heap   total 262144K, used 29696K [0x0000000080000000, 0x0000000100000000)
  region size 1024K, 24 young (24576K), 0 survivors (0K)
 Metaspace       used 9797K, capacity 10002K, committed 10112K, reserved 1058816K
  class space    used 1022K, capacity 1102K, committed 1152K, reserved 1048576K
}
Event: 1.444 GC heap after
{Heap after GC invocations=1 (full 0):
 garbage-first heap   total 262144K, used 9234K [0x0000000080000000, 0x0000000100000000)
  region size 1024K, 3 young (3072K), 3 survivors (3072K)
 Metaspace       used 9797K, capacity 10002K, committed 10112K, reserved 1058816K
  class space    used 1022K, capacity 1102K, committed 1152K, reserved 1048576K
}
Event: 4.498 GC heap before
{Heap before GC invocations=1 (full 0):
 garbage-first heap   total 262144K, used 105490K [0x0000000080000000, 0x0000000100000000)
  region size 1024K, 98 young (100352K), 3 survivors (3072K)
 Metaspace       used 20632K, capacity 21134K, committed 21248K, reserved 1067008K
  class space    used 2520K, capacity 2720K, committed 2816K, reserved 1048576K
}
Event: 4.510 GC heap after
{Heap after GC invocations=2 (full 0):
 garbage-first heap   total 262144K, used 17060K [0x0000000080000000, 0x0000000100000000)
  region size 1024K, 11 young (11264K), 11 survivors (11264K)
 Metaspace       used 20632K, capacity 21134K, committed 21248K, reserved 1067008K
  class space    used 2520K, capacity 2720K, committed 2816K, reserved 1048576K
}
Event: 6.255 GC heap before
{Heap before GC invocations=3 (full 0):
 garbage-first heap   total 262144K, used 69284K [0x0000000080000000, 0x0000000100000000)
  region size 1024K, 62 young (63488K), 11 survivors (11264K)
 Metaspace       used 25836K, capacity 26437K, committed 26752K, reserved 1073152K
  class space    used 3382K, capacity 3599K, committed 3712K, reserved 1048576K
}
Event: 6.264 GC heap after
{Heap after GC invocations=4 (full 0):
 garbage-first heap   total 262144K, used 19086K [0x0000000080000000, 0x0000000100000000)
  region size 1024K, 3 young (3072K), 3 survivors (3072K)
 Metaspace       used 25836K, capacity 26437K, committed 26752K, reserved 1073152K
  class space    used 3382K, capacity 3599K, committed 3712K, reserved 1048576K
}
Event: 7.517 GC heap before
{Heap before GC invocations=4 (full 0):
 garbage-first heap   total 262144K, used 76430K [0x0000000080000000, 0x0000000100000000)
  region size 1024K, 60 young (61440K), 3 survivors (3072K)
 Metaspace       used 34927K, capacity 35750K, committed 35840K, reserved 1081344K
  class space    used 4530K, capacity 4832K, committed 4864K, reserved 1048576K
}
Event: 7.530 GC heap after
{Heap after GC invocations=5 (full 0):
 garbage-first heap   total 262144K, used 22855K [0x0000000080000000, 0x0000000100000000)
  region size 1024K, 6 young (6144K), 6 survivors (6144K)
 Metaspace       used 34927K, capacity 35750K, committed 35840K, reserved 1081344K
  class space    used 4530K, capacity 4832K, committed 4864K, reserved 1048576K
}
Event: 9.418 GC heap before
{Heap before GC invocations=6 (full 0):
 garbage-first heap   total 262144K, used 137543K [0x0000000080000000, 0x0000000100000000)
  region size 1024K, 115 young (117760K), 6 survivors (6144K)
 Metaspace       used 43943K, capacity 45014K, committed 45312K, reserved 1089536K
  class space    used 5642K, capacity 6034K, committed 6144K, reserved 1048576K
}
Event: 9.427 GC heap after
{Heap after GC invocations=7 (full 0):
 garbage-first heap   total 262144K, used 28895K [0x0000000080000000, 0x0000000100000000)
  region size 1024K, 12 young (12288K), 12 survivors (12288K)
 Metaspace       used 43943K, capacity 45014K, committed 45312K, reserved 1089536K
  class space    used 5642K, capacity 6034K, committed 6144K, reserved 1048576K
}
Event: 21.042 GC heap before
{Heap before GC invocations=7 (full 0):
 garbage-first heap   total 262144K, used 159967K [0x0000000080000000, 0x0000000100000000)
  region size 1024K, 137 young (140288K), 12 survivors (12288K)
 Metaspace       used 56251K, capacity 57670K, committed 57856K, reserved 1099776K
  class space    used 7143K, capacity 7628K, committed 7680K, reserved 1048576K
}
Event: 21.062 GC heap after
{Heap after GC invocations=8 (full 0):
 garbage-first heap   total 262144K, used 43356K [0x0000000080000000, 0x0000000100000000)
  region size 1024K, 17 young (17408K), 17 survivors (17408K)
 Metaspace       used 56251K, capacity 57670K, committed 57856K, reserved 1099776K
  class space    used 7143K, capacity 7628K, committed 7680K, reserved 1048576K
}
Event: 21.497 GC heap before
{Heap before GC invocations=8 (full 0):
 garbage-first heap   total 262144K, used 54620K [0x0000000080000000, 0x0000000100000000)
  region size 1024K, 29 young (29696K), 17 survivors (17408K)
 Metaspace       used 58521K, capacity 60038K, committed 60160K, reserved 1101824K
  class space    used 7422K, capacity 7970K, committed 8064K, reserved 1048576K
}
Event: 21.519 GC heap after
{Heap after GC invocations=9 (full 0):
 garbage-first heap   total 262144K, used 45076K [0x0000000080000000, 0x0000000100000000)
  region size 1024K, 13 young (13312K), 13 survivors (13312K)
 Metaspace       used 58521K, capacity 60038K, committed 60160K, reserved 1101824K
  class space    used 7422K, capacity 7970K, committed 8064K, reserved 1048576K
}
Event: 23.935 GC heap before
{Heap before GC invocations=10 (full 0):
 garbage-first heap   total 262144K, used 186388K [0x0000000080000000, 0x0000000100000000)
  region size 1024K, 151 young (154624K), 13 survivors (13312K)
 Metaspace       used 70440K, capacity 72185K, committed 72320K, reserved 1112064K
  class space    used 9164K, capacity 9787K, committed 9856K, reserved 1048576K
}
Event: 23.953 GC heap after
{Heap after GC invocations=11 (full 0):
 garbage-first heap   total 262144K, used 55238K [0x0000000080000000, 0x0000000100000000)
  region size 1024K, 12 young (12288K), 12 survivors (12288K)
 Metaspace       used 70440K, capacity 72185K, committed 72320K, reserved 1112064K
  class space    used 9164K, capacity 9787K, committed 9856K, reserved 1048576K
}

